Info: Starting: Create block symbol file (.bsf)
Info: ip-generate --project-directory=H:/DSD_tmp_2/ --output-directory=H:/DSD_tmp_2/first_nios2_system/ --report-file=bsf:H:/DSD_tmp_2/first_nios2_system.bsf --system-info=DEVICE_FAMILY="Cyclone III" --system-info=DEVICE=EP3C16F484C6 --system-info=DEVICE_SPEEDGRADE=6 --component-file=H:/DSD_tmp_2/first_nios2_system.qsys
Progress: Loading DSD_tmp_2/first_nios2_system.qsys
Progress: Reading input file
Progress: Adding clk_0 [clock_source 13.0]
Progress: Parameterizing module clk_0
Progress: Adding cpu [altera_nios2_qsys 13.0]
Progress: Parameterizing module cpu
Progress: Building connections
Progress: Parameterizing connections
Progress: Validating
Progress: Done reading input file
Info: ip-generate succeeded.
Info: Finished: Create block symbol file (.bsf)
Info: 
Info: Starting: Create HDL design files for synthesis
Info: ip-generate --project-directory=H:/DSD_tmp_2/ --output-directory=H:/DSD_tmp_2/first_nios2_system/synthesis/ --file-set=QUARTUS_SYNTH --report-file=sopcinfo:H:/DSD_tmp_2/first_nios2_system.sopcinfo --report-file=html:H:/DSD_tmp_2/first_nios2_system.html --report-file=qip:H:/DSD_tmp_2/first_nios2_system/synthesis/first_nios2_system.qip --report-file=cmp:H:/DSD_tmp_2/first_nios2_system.cmp --report-file=svd --system-info=DEVICE_FAMILY="Cyclone III" --system-info=DEVICE=EP3C16F484C6 --system-info=DEVICE_SPEEDGRADE=6 --component-file=H:/DSD_tmp_2/first_nios2_system.qsys --language=VERILOG
Progress: Loading DSD_tmp_2/first_nios2_system.qsys
Progress: Reading input file
Progress: Adding clk_0 [clock_source 13.0]
Progress: Parameterizing module clk_0
Progress: Adding cpu [altera_nios2_qsys 13.0]
Progress: Parameterizing module cpu
Progress: Building connections
Progress: Parameterizing connections
Progress: Validating
Progress: Done reading input file
Info: first_nios2_system: Generating first_nios2_system "first_nios2_system" for QUARTUS_SYNTH
Info: pipeline_bridge_swap_transform: After transform: 2 modules, 4 connections
Info: No custom instruction connections, skipping transform 
Info: merlin_translator_transform: After transform: 5 modules, 13 connections
Info: merlin_domain_transform: After transform: 10 modules, 37 connections
Info: merlin_router_transform: After transform: 13 modules, 46 connections
Info: reset_adaptation_transform: After transform: 14 modules, 48 connections
Info: merlin_network_to_switch_transform: After transform: 19 modules, 58 connections
Info: merlin_mm_transform: After transform: 19 modules, 58 connections
Info: merlin_interrupt_mapper_transform: After transform: 20 modules, 61 connections
Info: cpu: Starting RTL generation for module 'first_nios2_system_cpu'
Info: cpu:   Generation command is [exec C:/altera/13.0sp1/quartus/../ip/altera/nios2_ip/altera_nios2/eperl.exe -I C:/altera/13.0sp1/quartus/common/ip/altera/common/perl/5.8.3 -I C:/altera/13.0sp1/quartus/sopc_builder/bin/europa -I C:/altera/13.0sp1/quartus/sopc_builder/bin/perl_lib -I C:/altera/13.0sp1/quartus/sopc_builder/bin -I C:/altera/13.0sp1/quartus/../ip/altera/nios2_ip/altera_nios2/cpu_lib -I C:/altera/13.0sp1/quartus/../ip/altera/nios2_ip/altera_nios2/nios_lib -I C:/altera/13.0sp1/quartus/../ip/altera/nios2_ip/altera_nios2 -I C:/altera/13.0sp1/quartus/../ip/altera/nios2_ip/altera_nios2 -- C:/altera/13.0sp1/quartus/../ip/altera/nios2_ip/altera_nios2/generate_rtl.epl --name=first_nios2_system_cpu --dir=C:/Users/am9215/AppData/Local/Temp/alt7604_381222861963584413.dir/0002_cpu_gen/ --quartus_dir=C:/altera/13.0sp1/quartus --verilog --config=C:/Users/am9215/AppData/Local/Temp/alt7604_381222861963584413.dir/0002_cpu_gen//first_nios2_system_cpu_processor_configuration.pl  --do_build_sim=0    --bogus  ]
Info: cpu: # 2018.03.14 16:38:55 (*) Starting Nios II generation
Info: cpu: # 2018.03.14 16:38:55 (*)   Checking for plaintext license.
Info: cpu: # 2018.03.14 16:38:56 (*)   Couldn't query license setup in Quartus directory C:/altera/13.0sp1/quartus
Info: cpu: # 2018.03.14 16:38:56 (*)   Defaulting to contents of LM_LICENSE_FILE environment variable
Info: cpu: # 2018.03.14 16:38:56 (*)   Plaintext license not found.
Info: cpu: # 2018.03.14 16:38:56 (*)   Checking for encrypted license (non-evaluation).
Info: cpu: # 2018.03.14 16:38:56 (*)   Couldn't query license setup in Quartus directory C:/altera/13.0sp1/quartus
Info: cpu: # 2018.03.14 16:38:56 (*)   Defaulting to contents of LM_LICENSE_FILE environment variable
Info: cpu: # 2018.03.14 16:38:57 (*)   Encrypted license found.  SOF will not be time-limited.
Info: cpu: # 2018.03.14 16:38:57 (*)   Elaborating CPU configuration settings
Info: cpu: # 2018.03.14 16:38:57 (*)   Creating all objects for CPU
Info: cpu: # 2018.03.14 16:38:57 (*)     Pipeline frontend
Info: cpu: 
Info: cpu: ERROR:
Info: cpu: I-cache is too large relative to instruction address size
Error: cpu: Failed to generate module first_nios2_system_cpu
Info: cpu: Done RTL generation for module 'first_nios2_system_cpu'
Info: cpu: "first_nios2_system" instantiated altera_nios2_qsys "cpu"
Error: Generation stopped, 16 or more modules remaining
Info: first_nios2_system: Done first_nios2_system" with 14 modules, 1 files, 84874 bytes
Error: ip-generate failed with exit code 1: 2 Errors, 0 Warnings
Info: Finished: Create HDL design files for synthesis
