16-Feb-2018 12:09:45 java.util.prefs.WindowsPreferences <init>
WARNING: Could not open/create prefs root node Software\JavaSoft\Prefs at root 0x80000002. Windows RegCreateKeyEx(...) returned error code 5.
java.io.FileNotFoundException: \\icnas2.cc.ic.ac.uk\am9215\DSD_v2\DSD_v2\altfp_mult0.xml (The system cannot find the path specified)
	at java.io.FileOutputStream.open(Native Method)
	at java.io.FileOutputStream.<init>(Unknown Source)
	at java.io.FileOutputStream.<init>(Unknown Source)
	at java.io.FileWriter.<init>(Unknown Source)
	at com.altera.megawizard2.cnxxml.JRCnxXmlReaderWriter.writeXmlFile(JRCnxXmlReaderWriter.java:1659)
	at com.altera.megawizard2.cnxxml.JRCnxXmlReaderWriter.serializeModel(JRCnxXmlReaderWriter.java:1237)
	at com.altera.megawizard2.jrextensions.JRHDLGenerator.generateHDL(JRHDLGenerator.java:70)
	at com.altera.megawizard2.jrwizard.JRMegaWizardGUI.finishWizard(JRMegaWizardGUI.java:366)
	at com.altera.megawizard2.MWGUIBaseClass.actionPerformed(MWGUIBaseClass.java:967)
	at javax.swing.AbstractButton.fireActionPerformed(Unknown Source)
	at javax.swing.AbstractButton$Handler.actionPerformed(Unknown Source)
	at javax.swing.DefaultButtonModel.fireActionPerformed(Unknown Source)
	at javax.swing.DefaultButtonModel.setPressed(Unknown Source)
	at javax.swing.plaf.basic.BasicButtonListener.mouseReleased(Unknown Source)
	at java.awt.Component.processMouseEvent(Unknown Source)
	at javax.swing.JComponent.processMouseEvent(Unknown Source)
	at java.awt.Component.processEvent(Unknown Source)
	at java.awt.Container.processEvent(Unknown Source)
	at java.awt.Component.dispatchEventImpl(Unknown Source)
	at java.awt.Container.dispatchEventImpl(Unknown Source)
	at java.awt.Component.dispatchEvent(Unknown Source)
	at java.awt.LightweightDispatcher.retargetMouseEvent(Unknown Source)
	at java.awt.LightweightDispatcher.processMouseEvent(Unknown Source)
	at java.awt.LightweightDispatcher.dispatchEvent(Unknown Source)
	at java.awt.Container.dispatchEventImpl(Unknown Source)
	at java.awt.Window.dispatchEventImpl(Unknown Source)
	at java.awt.Component.dispatchEvent(Unknown Source)
	at java.awt.EventQueue.dispatchEvent(Unknown Source)
	at java.awt.EventDispatchThread.pumpOneEventForFilters(Unknown Source)
	at java.awt.EventDispatchThread.pumpEventsForFilter(Unknown Source)
	at java.awt.EventDispatchThread.pumpEventsForHierarchy(Unknown Source)
	at java.awt.EventDispatchThread.pumpEvents(Unknown Source)
	at java.awt.EventDispatchThread.pumpEvents(Unknown Source)
	at java.awt.EventDispatchThread.run(Unknown Source)
java.io.FileNotFoundException: \\icnas2.cc.ic.ac.uk\am9215\DSD_v2\DSD_v2\altfp_mult0.xml (The system cannot find the path specified)
	at java.io.FileOutputStream.open(Native Method)
	at java.io.FileOutputStream.<init>(Unknown Source)
	at java.io.FileOutputStream.<init>(Unknown Source)
	at java.io.FileWriter.<init>(Unknown Source)
	at com.altera.megawizard2.cnxxml.JRCnxXmlReaderWriter.writeXmlFile(JRCnxXmlReaderWriter.java:1659)
	at com.altera.megawizard2.cnxxml.JRCnxXmlReaderWriter.serializeModel(JRCnxXmlReaderWriter.java:1237)
	at com.altera.megawizard2.jrextensions.JRHDLGenerator.generateHDL(JRHDLGenerator.java:70)
	at com.altera.megawizard2.jrwizard.JRMegaWizardGUI.finishWizard(JRMegaWizardGUI.java:366)
	at com.altera.megawizard2.MWGUIBaseClass.actionPerformed(MWGUIBaseClass.java:967)
	at javax.swing.AbstractButton.fireActionPerformed(Unknown Source)
	at javax.swing.AbstractButton$Handler.actionPerformed(Unknown Source)
	at javax.swing.DefaultButtonModel.fireActionPerformed(Unknown Source)
	at javax.swing.DefaultButtonModel.setPressed(Unknown Source)
	at javax.swing.plaf.basic.BasicButtonListener.mouseReleased(Unknown Source)
	at java.awt.Component.processMouseEvent(Unknown Source)
	at javax.swing.JComponent.processMouseEvent(Unknown Source)
	at java.awt.Component.processEvent(Unknown Source)
	at java.awt.Container.processEvent(Unknown Source)
	at java.awt.Component.dispatchEventImpl(Unknown Source)
	at java.awt.Container.dispatchEventImpl(Unknown Source)
	at java.awt.Component.dispatchEvent(Unknown Source)
	at java.awt.LightweightDispatcher.retargetMouseEvent(Unknown Source)
	at java.awt.LightweightDispatcher.processMouseEvent(Unknown Source)
	at java.awt.LightweightDispatcher.dispatchEvent(Unknown Source)
	at java.awt.Container.dispatchEventImpl(Unknown Source)
	at java.awt.Window.dispatchEventImpl(Unknown Source)
	at java.awt.Component.dispatchEvent(Unknown Source)
	at java.awt.EventQueue.dispatchEvent(Unknown Source)
	at java.awt.EventDispatchThread.pumpOneEventForFilters(Unknown Source)
	at java.awt.EventDispatchThread.pumpEventsForFilter(Unknown Source)
	at java.awt.EventDispatchThread.pumpEventsForHierarchy(Unknown Source)
	at java.awt.EventDispatchThread.pumpEvents(Unknown Source)
	at java.awt.EventDispatchThread.pumpEvents(Unknown Source)
	at java.awt.EventDispatchThread.run(Unknown Source)
